<?xml version="1.0" encoding="UTF-8"?>
<!-- Generated by org.testng.reporters.JUnitReportReporter -->
<testsuite hostname="Ramanathans-MacBook-Air.local" failures="0" tests="1" name="test.RegistrationTest" time="0.245" errors="0" timestamp="2024-04-20T22:16:59 IST" skipped="0">
  <testcase classname="test.RegistrationTest" name="test" time="0.245"/>
</testsuite> <!-- test.RegistrationTest -->
